2021-10-18 18:02:53,832:INFO:PyCaret Supervised Module
2021-10-18 18:02:53,832:INFO:ML Usecase: regression
2021-10-18 18:02:53,832:INFO:version 2.3.4
2021-10-18 18:02:53,833:INFO:Initializing setup()
2021-10-18 18:02:53,833:INFO:setup(target=charges, ml_usecase=regression, available_plots={'parameter': 'Hyperparameters', 'residuals': 'Residuals', 'error': 'Prediction Error', 'cooks': 'Cooks Distance', 'rfe': 'Feature Selection', 'learning': 'Learning Curve', 'manifold': 'Manifold Learning', 'vc': 'Validation Curve', 'feature': 'Feature Importance', 'feature_all': 'Feature Importance (All)', 'tree': 'Decision Tree', 'residuals_interactive': 'Interactive Residuals'}, train_size=0.7, test_data=None, preprocess=True, imputation_type=simple, iterative_imputation_iters=5, categorical_features=None, categorical_imputation=constant, categorical_iterative_imputer=lightgbm, ordinal_features=None, high_cardinality_features=None, high_cardinality_method=frequency, numeric_features=None, numeric_imputation=mean, numeric_iterative_imputer=lightgbm, date_features=None, ignore_features=None, normalize=False, normalize_method=zscore, transformation=False, transformation_method=yeo-johnson, handle_unknown_categorical=True, unknown_categorical_method=least_frequent, pca=False, pca_method=linear, pca_components=None, ignore_low_variance=False, combine_rare_levels=False, rare_level_threshold=0.1, bin_numeric_features=None, remove_outliers=False, outliers_threshold=0.05, remove_multicollinearity=False, multicollinearity_threshold=0.9, remove_perfect_collinearity=True, create_clusters=False, cluster_iter=20, polynomial_features=False, polynomial_degree=2, trigonometry_features=False, polynomial_threshold=0.1, group_features=None, group_names=None, feature_selection=False, feature_selection_threshold=0.8, feature_selection_method=classic, feature_interaction=False, feature_ratio=False, interaction_threshold=0.01, fix_imbalance=False, fix_imbalance_method=None, transform_target=False, transform_target_method=box-cox, data_split_shuffle=True, data_split_stratify=False, fold_strategy=kfold, fold=10, fold_shuffle=False, fold_groups=None, n_jobs=-1, use_gpu=False, custom_pipeline=None, html=True, session_id=123, log_experiment=False, experiment_name=None, log_plots=False, log_profile=False, log_data=False, silent=False, verbose=True, profile=False, profile_kwargs=None, display=None)
2021-10-18 18:02:53,833:INFO:Checking environment
2021-10-18 18:02:53,834:INFO:python_version: 3.8.8
2021-10-18 18:02:53,834:INFO:python_build: ('default', 'Apr 13 2021 15:08:03')
2021-10-18 18:02:53,834:INFO:machine: AMD64
2021-10-18 18:02:53,834:INFO:platform: Windows-10-10.0.19041-SP0
2021-10-18 18:02:53,834:INFO:Memory: svmem(total=16040079360, available=5819346944, percent=63.7, used=10220732416, free=5819346944)
2021-10-18 18:02:53,834:INFO:Physical Core: 4
2021-10-18 18:02:53,834:INFO:Logical Core: 8
2021-10-18 18:02:53,835:INFO:Checking libraries
2021-10-18 18:02:53,835:INFO:pd==1.2.4
2021-10-18 18:02:53,835:INFO:numpy==1.19.5
2021-10-18 18:02:53,835:INFO:sklearn==0.23.2
2021-10-18 18:02:53,835:INFO:lightgbm==3.2.1
2021-10-18 18:02:53,836:WARNING:catboost not found
2021-10-18 18:02:53,911:INFO:xgboost==1.4.2
2021-10-18 18:02:54,737:INFO:mlflow==1.20.2
2021-10-18 18:02:54,738:INFO:Checking Exceptions
2021-10-18 18:02:54,738:INFO:Declaring global variables
2021-10-18 18:02:54,738:INFO:USI: d633
2021-10-18 18:02:54,738:INFO:pycaret_globals: {'X_train', '_ml_usecase', 'fix_imbalance_param', 'seed', 'gpu_param', 'fold_groups_param', 'imputation_classifier', 'target_param', 'fold_groups_param_full', 'transform_target_method_param', 'stratify_param', 'display_container', 'fold_generator', 'n_jobs_param', 'data_before_preprocess', 'master_model_container', '_gpu_n_jobs_param', 'USI', '_all_models_internal', 'fold_shuffle_param', 'logging_param', 'fix_imbalance_method_param', 'create_model_container', 'html_param', 'X', 'experiment__', 'X_test', 'y_test', 'imputation_regressor', 'prep_pipe', 'exp_name_log', 'iterative_imputation_iters_param', '_internal_pipeline', 'y_train', 'y', 'log_plots_param', 'pycaret_globals', 'transform_target_param', '_available_plots', '_all_models', 'fold_param', '_all_metrics'}
2021-10-18 18:02:54,738:INFO:Preparing display monitor
2021-10-18 18:02:54,738:INFO:Preparing display monitor
2021-10-18 18:02:54,758:INFO:Importing libraries
2021-10-18 18:02:54,759:INFO:Copying data for preprocessing
2021-10-18 18:02:54,776:INFO:Declaring preprocessing parameters
2021-10-18 18:02:54,782:INFO:Creating preprocessing pipeline
2021-10-18 18:02:54,792:INFO:Preprocessing pipeline created successfully
2021-10-18 18:02:54,792:ERROR:(Process Exit): setup has been interupted with user command 'quit'. setup must rerun.
2021-10-18 18:02:54,793:INFO:Creating global containers
2021-10-18 18:02:54,798:INFO:Internal pipeline: Pipeline(memory=None, steps=[('empty_step', 'passthrough')], verbose=False)
2021-10-18 18:03:06,115:WARNING:Couldn't import catboost.CatBoostRegressor
2021-10-18 18:03:06,257:WARNING:Couldn't import catboost.CatBoostRegressor
2021-10-18 18:03:06,258:INFO:Creating grid variables
2021-10-18 18:03:06,297:INFO:create_model_container: 0
2021-10-18 18:03:06,297:INFO:master_model_container: 0
2021-10-18 18:03:06,298:INFO:display_container: 1
2021-10-18 18:03:06,303:INFO:Pipeline(memory=None,
         steps=[('dtypes',
                 DataTypes_Auto_infer(categorical_features=[],
                                      display_types=True, features_todrop=[],
                                      id_columns=[], ml_usecase='regression',
                                      numerical_features=[], target='charges',
                                      time_features=[])),
                ('imputer',
                 Simple_Imputer(categorical_strategy='not_available',
                                fill_value_categorical=None,
                                fill_value_numerical=None,
                                numeric_strategy...
                ('scaling', 'passthrough'), ('P_transform', 'passthrough'),
                ('binn', 'passthrough'), ('rem_outliers', 'passthrough'),
                ('cluster_all', 'passthrough'),
                ('dummy', Dummify(target='charges')),
                ('fix_perfect', Remove_100(target='charges')),
                ('clean_names', Clean_Colum_Names()),
                ('feature_select', 'passthrough'), ('fix_multi', 'passthrough'),
                ('dfs', 'passthrough'), ('pca', 'passthrough')],
         verbose=False)
2021-10-18 18:03:06,304:INFO:setup() succesfully completed......................................
2021-10-18 18:04:32,286:INFO:Initializing create_model()
2021-10-18 18:04:32,287:INFO:create_model(estimator=lr, fold=None, round=4, cross_validation=True, predict=True, fit_kwargs=None, groups=None, refit=True, verbose=True, system=True, metrics=None, add_to_model_list=True, display=None, kwargs={})
2021-10-18 18:04:32,288:INFO:Checking exceptions
2021-10-18 18:04:32,289:INFO:Preparing display monitor
2021-10-18 18:04:32,337:INFO:Importing libraries
2021-10-18 18:04:32,337:INFO:Copying training dataset
2021-10-18 18:04:32,339:INFO:Defining folds
2021-10-18 18:04:32,340:INFO:Declaring metric variables
2021-10-18 18:04:32,364:INFO:Importing untrained model
2021-10-18 18:04:32,382:INFO:Linear Regression Imported succesfully
2021-10-18 18:04:32,426:INFO:Starting cross validation
2021-10-18 18:04:32,437:INFO:Cross validating with KFold(n_splits=10, random_state=None, shuffle=False), n_jobs=-1
2021-10-18 18:04:40,073:INFO:Calculating mean and std
2021-10-18 18:04:40,075:INFO:Creating metrics dataframe
2021-10-18 18:04:40,109:INFO:Finalizing model
2021-10-18 18:04:40,118:INFO:Uploading results into container
2021-10-18 18:04:40,118:INFO:Uploading model into container now
2021-10-18 18:04:40,141:INFO:create_model_container: 1
2021-10-18 18:04:40,142:INFO:master_model_container: 1
2021-10-18 18:04:40,142:INFO:display_container: 2
2021-10-18 18:04:40,143:INFO:LinearRegression(copy_X=True, fit_intercept=True, n_jobs=-1, normalize=False)
2021-10-18 18:04:40,144:INFO:create_model() succesfully completed......................................
2021-10-18 18:04:57,298:INFO:Initializing plot_model()
2021-10-18 18:04:57,299:INFO:plot_model(fold=None, use_train_data=False, verbose=True, is_in_evaluate=False, display=None, display_format=None, estimator=LinearRegression(copy_X=True, fit_intercept=True, n_jobs=-1, normalize=False), feature_name=None, fit_kwargs=None, groups=None, label=False, plot=residuals, save=False, scale=1, system=True)
2021-10-18 18:04:57,299:INFO:Checking exceptions
2021-10-18 18:04:57,300:INFO:Preparing display monitor
2021-10-18 18:04:57,323:INFO:Preloading libraries
2021-10-18 18:04:57,326:INFO:Copying training dataset
2021-10-18 18:04:57,327:INFO:Copying test dataset
2021-10-18 18:04:57,328:INFO:Plot type: residuals
2021-10-18 18:04:57,514:INFO:Fitting Model
2021-10-18 18:04:57,544:INFO:Scoring test/hold-out set
2021-10-18 18:04:58,643:INFO:Visual Rendered Successfully
2021-10-18 18:04:58,777:INFO:plot_model() succesfully completed......................................
2021-10-18 18:06:29,728:INFO:PyCaret Supervised Module
2021-10-18 18:06:29,729:INFO:ML Usecase: regression
2021-10-18 18:06:29,730:INFO:version 2.3.4
2021-10-18 18:06:29,730:INFO:Initializing setup()
2021-10-18 18:06:29,730:INFO:setup(target=charges, ml_usecase=regression, available_plots={'parameter': 'Hyperparameters', 'residuals': 'Residuals', 'error': 'Prediction Error', 'cooks': 'Cooks Distance', 'rfe': 'Feature Selection', 'learning': 'Learning Curve', 'manifold': 'Manifold Learning', 'vc': 'Validation Curve', 'feature': 'Feature Importance', 'feature_all': 'Feature Importance (All)', 'tree': 'Decision Tree', 'residuals_interactive': 'Interactive Residuals'}, train_size=0.7, test_data=None, preprocess=True, imputation_type=simple, iterative_imputation_iters=5, categorical_features=None, categorical_imputation=constant, categorical_iterative_imputer=lightgbm, ordinal_features=None, high_cardinality_features=None, high_cardinality_method=frequency, numeric_features=None, numeric_imputation=mean, numeric_iterative_imputer=lightgbm, date_features=None, ignore_features=None, normalize=True, normalize_method=zscore, transformation=False, transformation_method=yeo-johnson, handle_unknown_categorical=True, unknown_categorical_method=least_frequent, pca=False, pca_method=linear, pca_components=None, ignore_low_variance=False, combine_rare_levels=False, rare_level_threshold=0.1, bin_numeric_features=['age', 'bmi'], remove_outliers=False, outliers_threshold=0.05, remove_multicollinearity=False, multicollinearity_threshold=0.9, remove_perfect_collinearity=True, create_clusters=False, cluster_iter=20, polynomial_features=True, polynomial_degree=2, trigonometry_features=True, polynomial_threshold=0.1, group_features=None, group_names=None, feature_selection=False, feature_selection_threshold=0.8, feature_selection_method=classic, feature_interaction=True, feature_ratio=False, interaction_threshold=0.01, fix_imbalance=False, fix_imbalance_method=None, transform_target=False, transform_target_method=box-cox, data_split_shuffle=True, data_split_stratify=False, fold_strategy=kfold, fold=10, fold_shuffle=False, fold_groups=None, n_jobs=-1, use_gpu=False, custom_pipeline=None, html=True, session_id=123, log_experiment=False, experiment_name=None, log_plots=False, log_profile=False, log_data=False, silent=False, verbose=True, profile=False, profile_kwargs=None, display=None)
2021-10-18 18:06:29,730:INFO:Checking environment
2021-10-18 18:06:29,731:INFO:python_version: 3.8.8
2021-10-18 18:06:29,731:INFO:python_build: ('default', 'Apr 13 2021 15:08:03')
2021-10-18 18:06:29,731:INFO:machine: AMD64
2021-10-18 18:06:29,732:INFO:platform: Windows-10-10.0.19041-SP0
2021-10-18 18:06:29,732:INFO:Memory: svmem(total=16040079360, available=4884701184, percent=69.5, used=11155378176, free=4884701184)
2021-10-18 18:06:29,733:INFO:Physical Core: 4
2021-10-18 18:06:29,733:INFO:Logical Core: 8
2021-10-18 18:06:29,733:INFO:Checking libraries
2021-10-18 18:06:29,733:INFO:pd==1.2.4
2021-10-18 18:06:29,734:INFO:numpy==1.19.5
2021-10-18 18:06:29,734:INFO:sklearn==0.23.2
2021-10-18 18:06:29,734:INFO:lightgbm==3.2.1
2021-10-18 18:06:29,737:WARNING:catboost not found
2021-10-18 18:06:29,737:INFO:xgboost==1.4.2
2021-10-18 18:06:29,737:INFO:mlflow==1.20.2
2021-10-18 18:06:29,737:INFO:Checking Exceptions
2021-10-18 18:06:29,738:INFO:Declaring global variables
2021-10-18 18:06:29,738:INFO:USI: 76e8
2021-10-18 18:06:29,738:INFO:pycaret_globals: {'X_train', '_ml_usecase', 'fix_imbalance_param', 'seed', 'gpu_param', 'fold_groups_param', 'imputation_classifier', 'target_param', 'fold_groups_param_full', 'transform_target_method_param', 'stratify_param', 'display_container', 'fold_generator', 'n_jobs_param', 'data_before_preprocess', 'master_model_container', '_gpu_n_jobs_param', 'USI', '_all_models_internal', 'fold_shuffle_param', 'logging_param', 'fix_imbalance_method_param', 'create_model_container', 'html_param', 'X', 'experiment__', 'X_test', 'y_test', 'imputation_regressor', 'prep_pipe', 'exp_name_log', 'iterative_imputation_iters_param', '_internal_pipeline', 'y_train', 'y', 'log_plots_param', 'pycaret_globals', 'transform_target_param', '_available_plots', '_all_models', 'fold_param', '_all_metrics'}
2021-10-18 18:06:29,738:INFO:Preparing display monitor
2021-10-18 18:06:29,738:INFO:Preparing display monitor
2021-10-18 18:06:29,772:INFO:Importing libraries
2021-10-18 18:06:29,772:INFO:Copying data for preprocessing
2021-10-18 18:06:29,795:INFO:Declaring preprocessing parameters
2021-10-18 18:06:29,800:INFO:Creating preprocessing pipeline
2021-10-18 18:06:29,817:INFO:Preprocessing pipeline created successfully
2021-10-18 18:06:29,818:ERROR:(Process Exit): setup has been interupted with user command 'quit'. setup must rerun.
2021-10-18 18:06:29,819:INFO:Creating global containers
2021-10-18 18:06:29,820:INFO:Internal pipeline: Pipeline(memory=None, steps=[('empty_step', 'passthrough')], verbose=False)
2021-10-18 18:06:44,350:WARNING:Couldn't import catboost.CatBoostRegressor
2021-10-18 18:06:44,493:WARNING:Couldn't import catboost.CatBoostRegressor
2021-10-18 18:06:44,493:INFO:Creating grid variables
2021-10-18 18:06:44,511:INFO:create_model_container: 0
2021-10-18 18:06:44,512:INFO:master_model_container: 0
2021-10-18 18:06:44,512:INFO:display_container: 1
2021-10-18 18:06:44,531:INFO:Pipeline(memory=None,
         steps=[('dtypes',
                 DataTypes_Auto_infer(categorical_features=[],
                                      display_types=True, features_todrop=[],
                                      id_columns=[], ml_usecase='regression',
                                      numerical_features=[], target='charges',
                                      time_features=[])),
                ('imputer',
                 Simple_Imputer(categorical_strategy='not_available',
                                fill_value_categorical=None,
                                fill_value_numerical=None,
                                numeric_strategy...
                ('dummy', Dummify(target='charges')),
                ('fix_perfect', Remove_100(target='charges')),
                ('clean_names', Clean_Colum_Names()),
                ('feature_select', 'passthrough'), ('fix_multi', 'passthrough'),
                ('dfs',
                 DFS_Classic(interactions=['multiply'], ml_usecase='regression',
                             n_jobs=-1, random_state=123, subclass='binary',
                             target='charges',
                             top_features_to_pick_percentage=None)),
                ('pca', 'passthrough')],
         verbose=False)
2021-10-18 18:06:44,532:INFO:setup() succesfully completed......................................
2021-10-18 18:12:44,083:INFO:PyCaret Supervised Module
2021-10-18 18:12:44,084:INFO:ML Usecase: regression
2021-10-18 18:12:44,084:INFO:version 2.3.4
2021-10-18 18:12:44,085:INFO:Initializing setup()
2021-10-18 18:12:44,085:INFO:setup(target=charges, ml_usecase=regression, available_plots={'parameter': 'Hyperparameters', 'residuals': 'Residuals', 'error': 'Prediction Error', 'cooks': 'Cooks Distance', 'rfe': 'Feature Selection', 'learning': 'Learning Curve', 'manifold': 'Manifold Learning', 'vc': 'Validation Curve', 'feature': 'Feature Importance', 'feature_all': 'Feature Importance (All)', 'tree': 'Decision Tree', 'residuals_interactive': 'Interactive Residuals'}, train_size=0.7, test_data=None, preprocess=True, imputation_type=simple, iterative_imputation_iters=5, categorical_features=None, categorical_imputation=constant, categorical_iterative_imputer=lightgbm, ordinal_features=None, high_cardinality_features=None, high_cardinality_method=frequency, numeric_features=None, numeric_imputation=mean, numeric_iterative_imputer=lightgbm, date_features=None, ignore_features=None, normalize=True, normalize_method=zscore, transformation=False, transformation_method=yeo-johnson, handle_unknown_categorical=True, unknown_categorical_method=least_frequent, pca=False, pca_method=linear, pca_components=None, ignore_low_variance=False, combine_rare_levels=False, rare_level_threshold=0.1, bin_numeric_features=['age', 'bmi'], remove_outliers=False, outliers_threshold=0.05, remove_multicollinearity=False, multicollinearity_threshold=0.9, remove_perfect_collinearity=True, create_clusters=False, cluster_iter=20, polynomial_features=True, polynomial_degree=2, trigonometry_features=True, polynomial_threshold=0.1, group_features=None, group_names=None, feature_selection=False, feature_selection_threshold=0.8, feature_selection_method=classic, feature_interaction=True, feature_ratio=False, interaction_threshold=0.01, fix_imbalance=False, fix_imbalance_method=None, transform_target=False, transform_target_method=box-cox, data_split_shuffle=True, data_split_stratify=False, fold_strategy=kfold, fold=10, fold_shuffle=False, fold_groups=None, n_jobs=-1, use_gpu=False, custom_pipeline=None, html=True, session_id=123, log_experiment=False, experiment_name=None, log_plots=False, log_profile=False, log_data=False, silent=False, verbose=True, profile=False, profile_kwargs=None, display=None)
2021-10-18 18:12:44,085:INFO:Checking environment
2021-10-18 18:12:44,086:INFO:python_version: 3.8.8
2021-10-18 18:12:44,086:INFO:python_build: ('default', 'Apr 13 2021 15:08:03')
2021-10-18 18:12:44,086:INFO:machine: AMD64
2021-10-18 18:12:44,087:INFO:platform: Windows-10-10.0.19041-SP0
2021-10-18 18:12:44,087:INFO:Memory: svmem(total=16040079360, available=6155264000, percent=61.6, used=9884815360, free=6155264000)
2021-10-18 18:12:44,087:INFO:Physical Core: 4
2021-10-18 18:12:44,087:INFO:Logical Core: 8
2021-10-18 18:12:44,087:INFO:Checking libraries
2021-10-18 18:12:44,088:INFO:pd==1.2.4
2021-10-18 18:12:44,088:INFO:numpy==1.19.5
2021-10-18 18:12:44,088:INFO:sklearn==0.23.2
2021-10-18 18:12:44,088:INFO:lightgbm==3.2.1
2021-10-18 18:12:44,091:WARNING:catboost not found
2021-10-18 18:12:44,091:INFO:xgboost==1.4.2
2021-10-18 18:12:44,091:INFO:mlflow==1.20.2
2021-10-18 18:12:44,091:INFO:Checking Exceptions
2021-10-18 18:12:44,092:INFO:Declaring global variables
2021-10-18 18:12:44,092:INFO:USI: 528d
2021-10-18 18:12:44,093:INFO:pycaret_globals: {'X_train', '_ml_usecase', 'fix_imbalance_param', 'seed', 'gpu_param', 'fold_groups_param', 'imputation_classifier', 'target_param', 'fold_groups_param_full', 'transform_target_method_param', 'stratify_param', 'display_container', 'fold_generator', 'n_jobs_param', 'data_before_preprocess', 'master_model_container', '_gpu_n_jobs_param', 'USI', '_all_models_internal', 'fold_shuffle_param', 'logging_param', 'fix_imbalance_method_param', 'create_model_container', 'html_param', 'X', 'experiment__', 'X_test', 'y_test', 'imputation_regressor', 'prep_pipe', 'exp_name_log', 'iterative_imputation_iters_param', '_internal_pipeline', 'y_train', 'y', 'log_plots_param', 'pycaret_globals', 'transform_target_param', '_available_plots', '_all_models', 'fold_param', '_all_metrics'}
2021-10-18 18:12:44,093:INFO:Preparing display monitor
2021-10-18 18:12:44,093:INFO:Preparing display monitor
2021-10-18 18:12:44,125:INFO:Importing libraries
2021-10-18 18:12:44,126:INFO:Copying data for preprocessing
2021-10-18 18:12:44,149:INFO:Declaring preprocessing parameters
2021-10-18 18:12:44,152:INFO:Creating preprocessing pipeline
2021-10-18 18:12:44,174:INFO:Preprocessing pipeline created successfully
2021-10-18 18:12:44,174:ERROR:(Process Exit): setup has been interupted with user command 'quit'. setup must rerun.
2021-10-18 18:12:44,175:INFO:Creating global containers
2021-10-18 18:12:44,176:INFO:Internal pipeline: Pipeline(memory=None, steps=[('empty_step', 'passthrough')], verbose=False)
2021-10-18 18:12:54,129:WARNING:Couldn't import catboost.CatBoostRegressor
2021-10-18 18:12:54,289:WARNING:Couldn't import catboost.CatBoostRegressor
2021-10-18 18:12:54,289:INFO:Creating grid variables
2021-10-18 18:12:54,309:INFO:create_model_container: 0
2021-10-18 18:12:54,309:INFO:master_model_container: 0
2021-10-18 18:12:54,309:INFO:display_container: 1
2021-10-18 18:12:54,322:INFO:Pipeline(memory=None,
         steps=[('dtypes',
                 DataTypes_Auto_infer(categorical_features=[],
                                      display_types=True, features_todrop=[],
                                      id_columns=[], ml_usecase='regression',
                                      numerical_features=[], target='charges',
                                      time_features=[])),
                ('imputer',
                 Simple_Imputer(categorical_strategy='not_available',
                                fill_value_categorical=None,
                                fill_value_numerical=None,
                                numeric_strategy...
                ('dummy', Dummify(target='charges')),
                ('fix_perfect', Remove_100(target='charges')),
                ('clean_names', Clean_Colum_Names()),
                ('feature_select', 'passthrough'), ('fix_multi', 'passthrough'),
                ('dfs',
                 DFS_Classic(interactions=['multiply'], ml_usecase='regression',
                             n_jobs=-1, random_state=123, subclass='binary',
                             target='charges',
                             top_features_to_pick_percentage=None)),
                ('pca', 'passthrough')],
         verbose=False)
2021-10-18 18:12:54,323:INFO:setup() succesfully completed......................................
2021-10-18 18:16:20,501:INFO:Initializing create_model()
2021-10-18 18:16:20,502:INFO:create_model(estimator=lr, fold=None, round=4, cross_validation=True, predict=True, fit_kwargs=None, groups=None, refit=True, verbose=True, system=True, metrics=None, add_to_model_list=True, display=None, kwargs={})
2021-10-18 18:16:20,502:INFO:Checking exceptions
2021-10-18 18:16:20,502:INFO:Preparing display monitor
2021-10-18 18:16:20,561:INFO:Importing libraries
2021-10-18 18:16:20,561:INFO:Copying training dataset
2021-10-18 18:16:20,565:INFO:Defining folds
2021-10-18 18:16:20,565:INFO:Declaring metric variables
2021-10-18 18:16:20,593:INFO:Importing untrained model
2021-10-18 18:16:20,613:INFO:Linear Regression Imported succesfully
2021-10-18 18:16:20,649:INFO:Starting cross validation
2021-10-18 18:16:20,650:INFO:Cross validating with KFold(n_splits=10, random_state=None, shuffle=False), n_jobs=-1
2021-10-18 18:16:27,276:INFO:Calculating mean and std
2021-10-18 18:16:27,278:INFO:Creating metrics dataframe
2021-10-18 18:16:27,304:INFO:Finalizing model
2021-10-18 18:16:27,322:INFO:Uploading results into container
2021-10-18 18:16:27,322:INFO:Uploading model into container now
2021-10-18 18:16:27,347:INFO:create_model_container: 1
2021-10-18 18:16:27,347:INFO:master_model_container: 1
2021-10-18 18:16:27,348:INFO:display_container: 2
2021-10-18 18:16:27,348:INFO:LinearRegression(copy_X=True, fit_intercept=True, n_jobs=-1, normalize=False)
2021-10-18 18:16:27,349:INFO:create_model() succesfully completed......................................
2021-10-18 18:17:43,742:INFO:Initializing plot_model()
2021-10-18 18:17:43,743:INFO:plot_model(fold=None, use_train_data=False, verbose=True, is_in_evaluate=False, display=None, display_format=None, estimator=LinearRegression(copy_X=True, fit_intercept=True, n_jobs=-1, normalize=False), feature_name=None, fit_kwargs=None, groups=None, label=False, plot=residuals, save=False, scale=1, system=True)
2021-10-18 18:17:43,743:INFO:Checking exceptions
2021-10-18 18:17:43,743:INFO:Preparing display monitor
2021-10-18 18:17:43,762:INFO:Preloading libraries
2021-10-18 18:17:43,765:INFO:Copying training dataset
2021-10-18 18:17:43,767:INFO:Copying test dataset
2021-10-18 18:17:43,769:INFO:Plot type: residuals
2021-10-18 18:17:43,865:INFO:Fitting Model
2021-10-18 18:17:43,928:INFO:Scoring test/hold-out set
2021-10-18 18:17:44,563:INFO:Visual Rendered Successfully
2021-10-18 18:17:44,688:INFO:plot_model() succesfully completed......................................
2021-10-18 18:20:42,450:INFO:Initializing plot_model()
2021-10-18 18:20:42,451:INFO:plot_model(fold=None, use_train_data=False, verbose=True, is_in_evaluate=False, display=None, display_format=None, estimator=LinearRegression(copy_X=True, fit_intercept=True, n_jobs=-1, normalize=False), feature_name=None, fit_kwargs=None, groups=None, label=False, plot=residuals, save=False, scale=1, system=True)
2021-10-18 18:20:42,452:INFO:Checking exceptions
2021-10-18 18:20:42,452:INFO:Preparing display monitor
2021-10-18 18:20:42,473:INFO:Preloading libraries
2021-10-18 18:20:42,477:INFO:Copying training dataset
2021-10-18 18:20:42,478:INFO:Copying test dataset
2021-10-18 18:20:42,480:INFO:Plot type: residuals
2021-10-18 18:20:42,567:INFO:Fitting Model
2021-10-18 18:20:42,626:INFO:Scoring test/hold-out set
2021-10-18 18:20:43,167:INFO:Visual Rendered Successfully
2021-10-18 18:20:43,269:INFO:plot_model() succesfully completed......................................
2021-10-18 18:21:35,506:INFO:Initializing plot_model()
2021-10-18 18:21:35,507:INFO:plot_model(fold=None, use_train_data=False, verbose=True, is_in_evaluate=False, display=None, display_format=None, estimator=LinearRegression(copy_X=True, fit_intercept=True, n_jobs=-1, normalize=False), feature_name=None, fit_kwargs=None, groups=None, label=False, plot=learning, save=False, scale=1, system=True)
2021-10-18 18:21:35,507:INFO:Checking exceptions
2021-10-18 18:21:35,508:INFO:Preparing display monitor
2021-10-18 18:21:35,528:INFO:Preloading libraries
2021-10-18 18:21:35,531:INFO:Copying training dataset
2021-10-18 18:21:35,532:INFO:Copying test dataset
2021-10-18 18:21:35,534:INFO:Plot type: learning
2021-10-18 18:21:35,552:INFO:Fitting Model
2021-10-18 18:21:42,229:INFO:Visual Rendered Successfully
2021-10-18 18:21:42,323:INFO:plot_model() succesfully completed......................................
2021-10-18 18:22:10,146:INFO:Initializing plot_model()
2021-10-18 18:22:10,146:INFO:plot_model(fold=None, use_train_data=False, verbose=True, is_in_evaluate=False, display=None, display_format=None, estimator=LinearRegression(copy_X=True, fit_intercept=True, n_jobs=-1, normalize=False), feature_name=None, fit_kwargs=None, groups=None, label=False, plot=residuals, save=False, scale=1, system=True)
2021-10-18 18:22:10,147:INFO:Checking exceptions
2021-10-18 18:22:10,148:INFO:Preparing display monitor
2021-10-18 18:22:10,165:INFO:Preloading libraries
2021-10-18 18:22:10,167:INFO:Copying training dataset
2021-10-18 18:22:10,168:INFO:Copying test dataset
2021-10-18 18:22:10,169:INFO:Plot type: residuals
2021-10-18 18:22:10,258:INFO:Fitting Model
2021-10-18 18:22:10,314:INFO:Scoring test/hold-out set
2021-10-18 18:22:10,951:INFO:Visual Rendered Successfully
2021-10-18 18:22:11,084:INFO:plot_model() succesfully completed......................................
2021-10-18 18:22:12,210:INFO:Initializing plot_model()
2021-10-18 18:22:12,211:INFO:plot_model(fold=None, use_train_data=False, verbose=True, is_in_evaluate=False, display=None, display_format=None, estimator=LinearRegression(copy_X=True, fit_intercept=True, n_jobs=-1, normalize=False), feature_name=None, fit_kwargs=None, groups=None, label=False, plot=learning, save=False, scale=1, system=True)
2021-10-18 18:22:12,211:INFO:Checking exceptions
2021-10-18 18:22:12,212:INFO:Preparing display monitor
2021-10-18 18:22:12,231:INFO:Preloading libraries
2021-10-18 18:22:12,235:INFO:Copying training dataset
2021-10-18 18:22:12,236:INFO:Copying test dataset
2021-10-18 18:22:12,237:INFO:Plot type: learning
2021-10-18 18:22:12,240:INFO:Fitting Model
2021-10-18 18:22:13,072:INFO:Visual Rendered Successfully
2021-10-18 18:22:13,190:INFO:plot_model() succesfully completed......................................
2021-10-18 18:29:32,524:INFO:Initializing save_model()
2021-10-18 18:29:32,524:INFO:save_model(model=LinearRegression(copy_X=True, fit_intercept=True, n_jobs=-1, normalize=False), model_name=deployment_18102021, prep_pipe_=Pipeline(memory=None,
         steps=[('dtypes',
                 DataTypes_Auto_infer(categorical_features=[],
                                      display_types=True, features_todrop=[],
                                      id_columns=[], ml_usecase='regression',
                                      numerical_features=[], target='charges',
                                      time_features=[])),
                ('imputer',
                 Simple_Imputer(categorical_strategy='not_available',
                                fill_value_categorical=None,
                                fill_value_numerical=None,
                                numeric_strategy...
                ('dummy', Dummify(target='charges')),
                ('fix_perfect', Remove_100(target='charges')),
                ('clean_names', Clean_Colum_Names()),
                ('feature_select', 'passthrough'), ('fix_multi', 'passthrough'),
                ('dfs',
                 DFS_Classic(interactions=['multiply'], ml_usecase='regression',
                             n_jobs=-1, random_state=123, subclass='binary',
                             target='charges',
                             top_features_to_pick_percentage=None)),
                ('pca', 'passthrough')],
         verbose=False), verbose=True, kwargs={})
2021-10-18 18:29:32,524:INFO:Adding model into prep_pipe
2021-10-18 18:29:32,573:INFO:deployment_18102021.pkl saved in current working directory
2021-10-18 18:29:32,594:INFO:Pipeline(memory=None,
         steps=[('dtypes',
                 DataTypes_Auto_infer(categorical_features=[],
                                      display_types=True, features_todrop=[],
                                      id_columns=[], ml_usecase='regression',
                                      numerical_features=[], target='charges',
                                      time_features=[])),
                ('imputer',
                 Simple_Imputer(categorical_strategy='not_available',
                                fill_value_categorical=None,
                                fill_value_numerical=None,
                                numeric_strategy...
                ('feature_select', 'passthrough'), ('fix_multi', 'passthrough'),
                ('dfs',
                 DFS_Classic(interactions=['multiply'], ml_usecase='regression',
                             n_jobs=-1, random_state=123, subclass='binary',
                             target='charges',
                             top_features_to_pick_percentage=None)),
                ('pca', 'passthrough'),
                ['trained_model',
                 LinearRegression(copy_X=True, fit_intercept=True, n_jobs=-1,
                                  normalize=False)]],
         verbose=False)
2021-10-18 18:29:32,595:INFO:save_model() successfully completed......................................
2021-10-18 18:29:35,772:INFO:Initializing load_model()
2021-10-18 18:29:35,773:INFO:load_model(model_name=deployment_18102021, platform=None, authentication=None, verbose=True)
2021-10-18 18:30:05,826:INFO:Initializing load_model()
2021-10-18 18:30:05,827:INFO:load_model(model_name=deployment_18102021, platform=None, authentication=None, verbose=True)
2021-10-18 19:24:33,656:INFO:Initializing load_model()
2021-10-18 19:24:33,657:INFO:load_model(model_name=deployment_18102021, platform=None, authentication=None, verbose=True)
2021-10-18 19:24:41,778:INFO:Initializing load_model()
2021-10-18 19:24:41,778:INFO:load_model(model_name=deployment_18102021, platform=None, authentication=None, verbose=True)
2021-10-18 19:26:50,066:INFO:Initializing predict_model()
2021-10-18 19:26:50,067:INFO:predict_model(estimator=Pipeline(steps=[('dtypes',
                 DataTypes_Auto_infer(ml_usecase='regression',
                                      target='charges')),
                ('imputer',
                 Simple_Imputer(categorical_strategy='not_available',
                                fill_value_categorical=None,
                                fill_value_numerical=None,
                                numeric_strategy='mean',
                                target_variable=None)),
                ('new_levels1',
                 New_Catagorical_Levels_in_TestData(replacement_strategy='least '
                                                                         'frequent',
                                                    target=...
                ('fix_perfect', Remove_100(target='charges')),
                ('clean_names', Clean_Colum_Names()),
                ('feature_select', 'passthrough'), ('fix_multi', 'passthrough'),
                ('dfs',
                 DFS_Classic(interactions=['multiply'], ml_usecase='regression',
                             n_jobs=-1, random_state=123, subclass='binary',
                             target='charges',
                             top_features_to_pick_percentage=None)),
                ('pca', 'passthrough'),
                ['trained_model', LinearRegression(n_jobs=-1)]]), probability_threshold=None, encoded_labels=True, raw_score=False, round=0, verbose=True, ml_usecase=MLUsecase.REGRESSION, display=None)
2021-10-18 19:26:50,067:INFO:Checking exceptions
2021-10-18 19:26:50,067:INFO:Preloading libraries
2021-10-18 19:27:00,070:INFO:Initializing load_model()
2021-10-18 19:27:00,070:INFO:load_model(model_name=deployment_18102021, platform=None, authentication=None, verbose=True)
2021-10-18 19:34:41,732:INFO:Initializing load_model()
2021-10-18 19:34:41,733:INFO:load_model(model_name=deployment_18102021, platform=None, authentication=None, verbose=True)
2021-10-18 20:00:11,822:INFO:Initializing load_model()
2021-10-18 20:00:11,822:INFO:load_model(model_name=deployment_18102021, platform=None, authentication=None, verbose=True)
2021-10-18 20:02:12,737:INFO:Initializing load_model()
2021-10-18 20:02:12,737:INFO:load_model(model_name=deployment_18102021, platform=None, authentication=None, verbose=True)
2021-10-18 20:03:11,925:INFO:Initializing load_model()
2021-10-18 20:03:11,925:INFO:load_model(model_name=deployment_18102021, platform=None, authentication=None, verbose=True)
2021-10-18 20:21:33,342:INFO:Initializing load_model()
2021-10-18 20:21:33,342:INFO:load_model(model_name=deployment_18102021, platform=None, authentication=None, verbose=True)
2021-10-18 20:22:12,578:INFO:Initializing load_model()
2021-10-18 20:22:12,578:INFO:load_model(model_name=deployment_18102021, platform=None, authentication=None, verbose=True)
2021-10-18 20:27:05,393:INFO:Initializing load_model()
2021-10-18 20:27:05,393:INFO:load_model(model_name=deployment_18102021, platform=None, authentication=None, verbose=True)
